<?xml version="1.0" encording="utf-8"?>
<CoolpixSendList 
xmlns:nc ="http://www.nikon.co.jp/imaging/coolpix/sendlist">
<header>
	<version>01.00</version>
	<creator>NikonCorp.</creator>
	<modelname>AW130</modelname>
	<datetime>2019-04-25T13:19:10.000+01:00</datetime>
	<firmversion>1.02</firmversion>
</header>
<sendlist ver="01.00">
	<filelist>
		<file>
			<fileid>\DCIM\100NIKON,DSCN6593JPG</fileid>
		</file>
		<file>
			<fileid>\DCIM\100NIKON,DSCN6594JPG</fileid>
		</file>
	</filelist>
</sendlist>
</CoolpixSendList>
